<?xml version="1.0" encoding="UTF-8"?>
<testsuite name="ProjectTest" tests="1" skipped="0" failures="0" errors="0" timestamp="2016-03-05T10:05:53" hostname="laptop-michala" time="0.001">
  <properties/>
  <testcase name="test" classname="ProjectTest" time="0.001"/>
  <system-out><![CDATA[]]></system-out>
  <system-err><![CDATA[]]></system-err>
</testsuite>
